2024-11-25 22:50:55,074 - Inicio de prueba del entorno.
2024-11-25 22:50:55,075 - Step: 0, Action: 2, Reward: 0.08707668921980694, State: [ 0.91292331  0.          0.         12.62121025  0.69081005]
2024-11-25 22:50:55,075 - Step: 1, Action: 1, Reward: 0.028617596945500923, State: [0.9713824  0.         0.         7.62121025 0.44079045]
2024-11-25 22:50:55,076 - Step: 2, Action: 1, Reward: 0.020157136818134136, State: [0.97984286 0.         0.         2.62121025 0.18499767]
2024-11-25 22:50:55,076 - Step: 3, Action: 2, Reward: 0, State: [1.         0.         0.         7.62121025 0.68204404]
2024-11-25 22:50:55,077 - Step: 4, Action: 1, Reward: 0, State: [1.         0.         0.         2.62121025 0.94696575]
2024-11-25 22:50:55,077 - Step: 5, Action: 1, Reward: 0.028418720300148248, State: [ 0.97158128  0.          0.         -2.37878975  0.68469297]
2024-11-25 22:50:55,077 - Step: 6, Action: 1, Reward: 0.058145556777321694, State: [ 0.94185444  0.          0.         -7.37878975  0.23146607]
2024-11-25 22:50:55,078 - Step: 7, Action: 1, Reward: 0.2580314435598965, State: [  0.74196856   0.           0.         -12.37878975   0.9324177 ]
2024-11-25 22:50:55,078 - Step: 8, Action: 1, Reward: 0.5021845145481421, State: [  0.49781549   0.           0.         -17.37878975   0.81741972]
2024-11-25 22:50:55,079 - Step: 9, Action: 1, Reward: 0.5033855164599503, State: [ 4.96614484e-01  0.00000000e+00  0.00000000e+00 -2.23787897e+01
  3.15448724e-03]
2024-11-25 22:50:55,079 - Step: 10, Action: 1, Reward: 0.8579182294594028, State: [  0.14208177   0.           0.         -27.37878975   0.77093933]
2024-11-25 22:50:55,080 - Step: 11, Action: 2, Reward: 0.9554262172710255, State: [ -0.04457378   0.           0.         -22.37878975   0.49025947]
2024-11-25 22:50:55,080 - Step: 12, Action: 0, Reward: 0.9554262172710255, State: [-0.04457378  0.          0.          0.          0.82656406]
2024-11-25 22:50:55,081 - Step: 13, Action: 0, Reward: 0.9554262172710255, State: [-0.04457378  0.          0.          0.          0.17956931]
2024-11-25 22:50:55,081 - Step: 14, Action: 0, Reward: 0.9554262172710255, State: [-0.04457378  0.          0.          0.          0.59894728]
2024-11-25 22:50:55,081 - Step: 15, Action: 0, Reward: 0.9554262172710255, State: [-0.04457378  0.          0.          0.          0.34456086]
2024-11-25 22:50:55,082 - Step: 16, Action: 0, Reward: 0.9554262172710255, State: [-0.04457378  0.          0.          0.          0.19555979]
2024-11-25 22:50:55,082 - Step: 17, Action: 0, Reward: 0.9554262172710255, State: [-0.04457378  0.          0.          0.          0.01586673]
2024-11-25 22:50:55,082 - Step: 18, Action: 0, Reward: 0.9554262172710255, State: [-0.04457378  0.          0.          0.          0.94299992]
2024-11-25 22:50:55,083 - Step: 19, Action: 0, Reward: 0.9554262172710255, State: [-0.04457378  0.          0.          0.          0.83102881]
2024-11-25 22:50:55,083 - Step: 20, Action: 0, Reward: 0.9554262172710255, State: [-0.04457378  0.          0.          0.          0.20023467]
2024-11-25 22:50:55,084 - Step: 21, Action: 0, Reward: 0.9554262172710255, State: [-0.04457378  0.          0.          0.          0.75049758]
2024-11-25 22:50:55,084 - Step: 22, Action: 0, Reward: 0.9554262172710255, State: [-0.04457378  0.          0.          0.          0.52033185]
2024-11-25 22:50:55,085 - Step: 23, Action: 0, Reward: 0.9554262172710255, State: [-0.04457378  0.          0.          0.          0.67262637]
2024-11-25 22:50:55,085 - Step: 24, Action: 0, Reward: 0.9554262172710255, State: [-0.04457378  0.          0.          0.          0.94087506]
2024-11-25 22:50:55,085 - Step: 25, Action: 0, Reward: 0.9554262172710255, State: [-0.04457378  0.          0.          0.          0.91874084]
2024-11-25 22:50:55,086 - Step: 26, Action: 0, Reward: 0.9554262172710255, State: [-0.04457378  0.          0.          0.          0.06069734]
2024-11-25 22:50:55,086 - Step: 27, Action: 0, Reward: 0.9554262172710255, State: [-0.04457378  0.          0.          0.          0.85498478]
2024-11-25 22:50:55,086 - Step: 28, Action: 0, Reward: 0.9554262172710255, State: [-0.04457378  0.          0.          0.          0.2747844 ]
2024-11-25 22:50:55,087 - Step: 29, Action: 0, Reward: 0.9554262172710255, State: [-0.04457378  0.          0.          0.          0.88369687]
2024-11-25 22:50:55,087 - Step: 30, Action: 0, Reward: 0.9554262172710255, State: [-0.04457378  0.          0.          0.          0.73801713]
2024-11-25 22:50:55,088 - Step: 31, Action: 0, Reward: 0.9554262172710255, State: [-0.04457378  0.          0.          0.          0.19424615]
2024-11-25 22:50:55,088 - Step: 32, Action: 0, Reward: 0.9554262172710255, State: [-0.04457378  0.          0.          0.          0.90753641]
2024-11-25 22:50:55,088 - Step: 33, Action: 0, Reward: 0.9554262172710255, State: [-0.04457378  0.          0.          0.          0.05445363]
2024-11-25 22:50:55,089 - Step: 34, Action: 0, Reward: 0.9554262172710255, State: [-0.04457378  0.          0.          0.          0.40589057]
2024-11-25 22:50:55,089 - Step: 35, Action: 0, Reward: 0.9554262172710255, State: [-0.04457378  0.          0.          0.          0.51436684]
2024-11-25 22:50:55,089 - Step: 36, Action: 0, Reward: 0.9554262172710255, State: [-0.04457378  0.          0.          0.          0.81859515]
2024-11-25 22:50:55,090 - Step: 37, Action: 0, Reward: 0.9554262172710255, State: [-0.04457378  0.          0.          0.          0.5174083 ]
2024-11-25 22:50:55,090 - Step: 38, Action: 0, Reward: 0.9554262172710255, State: [-0.04457378  0.          0.          0.          0.81181475]
2024-11-25 22:50:55,091 - Step: 39, Action: 0, Reward: 0.9554262172710255, State: [-0.04457378  0.          0.          0.          0.39763723]
2024-11-25 22:50:55,091 - Step: 40, Action: 0, Reward: 0.9554262172710255, State: [-0.04457378  0.          0.          0.          0.8380582 ]
2024-11-25 22:50:55,092 - Step: 41, Action: 0, Reward: 0.9554262172710255, State: [-0.04457378  0.          0.          0.          0.89537476]
2024-11-25 22:50:55,092 - Step: 42, Action: 0, Reward: 0.9554262172710255, State: [-0.04457378  0.          0.          0.          0.73665071]
2024-11-25 22:50:55,092 - Step: 43, Action: 0, Reward: 0.9554262172710255, State: [-0.04457378  0.          0.          0.          0.10704703]
2024-11-25 22:50:55,093 - Step: 44, Action: 0, Reward: 0.9554262172710255, State: [-0.04457378  0.          0.          0.          0.17784681]
2024-11-25 22:50:55,093 - Step: 45, Action: 0, Reward: 0.9554262172710255, State: [-0.04457378  0.          0.          0.          0.28616541]
2024-11-25 22:50:55,094 - Step: 46, Action: 0, Reward: 0.9554262172710255, State: [-0.04457378  0.          0.          0.          0.84515905]
2024-11-25 22:50:55,094 - Step: 47, Action: 0, Reward: 0.9554262172710255, State: [-0.04457378  0.          0.          0.          0.42866673]
2024-11-25 22:50:55,094 - Step: 48, Action: 0, Reward: 0.9554262172710255, State: [-0.04457378  0.          0.          0.          0.35643086]
2024-11-25 22:50:55,095 - Step: 49, Action: 0, Reward: 0.9554262172710255, State: [-0.04457378  0.          0.          0.          0.29462508]
2024-11-25 22:50:55,095 - Step: 50, Action: 0, Reward: 0.9554262172710255, State: [-0.04457378  0.          0.          0.          0.77848433]
2024-11-25 22:50:55,096 - Step: 51, Action: 0, Reward: 0.9554262172710255, State: [-0.04457378  0.          0.          0.          0.49507131]
2024-11-25 22:50:55,096 - Step: 52, Action: 0, Reward: 0.9554262172710255, State: [-0.04457378  0.          0.          0.          0.0375493 ]
2024-11-25 22:50:55,096 - Step: 53, Action: 0, Reward: 0.9554262172710255, State: [-0.04457378  0.          0.          0.          0.73965245]
2024-11-25 22:50:55,097 - Step: 54, Action: 0, Reward: 0.9554262172710255, State: [-0.04457378  0.          0.          0.          0.59494816]
2024-11-25 22:50:55,097 - Step: 55, Action: 0, Reward: 0.9554262172710255, State: [-0.04457378  0.          0.          0.          0.76313263]
2024-11-25 22:50:55,097 - Step: 56, Action: 0, Reward: 0.9554262172710255, State: [-0.04457378  0.          0.          0.          0.92135009]
2024-11-25 22:50:55,098 - Step: 57, Action: 0, Reward: 0.9554262172710255, State: [-0.04457378  0.          0.          0.          0.99153246]
2024-11-25 22:50:55,098 - Step: 58, Action: 0, Reward: 0.9554262172710255, State: [-0.04457378  0.          0.          0.          0.13818465]
2024-11-25 22:50:55,099 - Step: 59, Action: 0, Reward: 0.9554262172710255, State: [-0.04457378  0.          0.          0.          0.84634118]
2024-11-25 22:50:55,100 - Step: 60, Action: 0, Reward: 0.9554262172710255, State: [-0.04457378  0.          0.          0.          0.76099724]
2024-11-25 22:50:55,113 - Step: 61, Action: 0, Reward: 0.9554262172710255, State: [-0.04457378  0.          0.          0.          0.72966497]
2024-11-25 22:50:55,114 - Step: 62, Action: 0, Reward: 0.9554262172710255, State: [-0.04457378  0.          0.          0.          0.28186512]
2024-11-25 22:50:55,114 - Step: 63, Action: 0, Reward: 0.9554262172710255, State: [-0.04457378  0.          0.          0.          0.72646482]
2024-11-25 22:50:55,115 - Step: 64, Action: 0, Reward: 0.9554262172710255, State: [-0.04457378  0.          0.          0.          0.08745776]
2024-11-25 22:50:55,116 - Step: 65, Action: 0, Reward: 0.9554262172710255, State: [-0.04457378  0.          0.          0.          0.58897903]
2024-11-25 22:50:55,116 - Step: 66, Action: 0, Reward: 0.9554262172710255, State: [-0.04457378  0.          0.          0.          0.26078379]
2024-11-25 22:50:55,117 - Step: 67, Action: 0, Reward: 0.9554262172710255, State: [-0.04457378  0.          0.          0.          0.18415891]
2024-11-25 22:50:55,117 - Step: 68, Action: 0, Reward: 0.9554262172710255, State: [-0.04457378  0.          0.          0.          0.34099534]
2024-11-25 22:50:55,118 - Step: 69, Action: 0, Reward: 0.9554262172710255, State: [-0.04457378  0.          0.          0.          0.06252327]
2024-11-25 22:50:55,118 - Step: 70, Action: 0, Reward: 0.9554262172710255, State: [-0.04457378  0.          0.          0.          0.87515754]
2024-11-25 22:50:55,119 - Step: 71, Action: 0, Reward: 0.9554262172710255, State: [-0.04457378  0.          0.          0.          0.24555369]
2024-11-25 22:50:55,120 - Step: 72, Action: 0, Reward: 0.9554262172710255, State: [-0.04457378  0.          0.          0.          0.43300811]
2024-11-25 22:50:55,120 - Step: 73, Action: 0, Reward: 0.9554262172710255, State: [-0.04457378  0.          0.          0.          0.37075788]
2024-11-25 22:50:55,121 - Step: 74, Action: 0, Reward: 0.9554262172710255, State: [-0.04457378  0.          0.          0.          0.61233018]
2024-11-25 22:50:55,121 - Step: 75, Action: 0, Reward: 0.9554262172710255, State: [-0.04457378  0.          0.          0.          0.63004138]
2024-11-25 22:50:55,121 - Step: 76, Action: 0, Reward: 0.9554262172710255, State: [-0.04457378  0.          0.          0.          0.45220483]
2024-11-25 22:50:55,122 - Step: 77, Action: 0, Reward: 0.9554262172710255, State: [-0.04457378  0.          0.          0.          0.59881932]
2024-11-25 22:50:55,122 - Step: 78, Action: 0, Reward: 0.9554262172710255, State: [-0.04457378  0.          0.          0.          0.88107504]
2024-11-25 22:50:55,123 - Step: 79, Action: 0, Reward: 0.9554262172710255, State: [-0.04457378  0.          0.          0.          0.00148949]
2024-11-25 22:50:55,123 - Step: 80, Action: 0, Reward: 0.9554262172710255, State: [-0.04457378  0.          0.          0.          0.75547823]
2024-11-25 22:50:55,124 - Step: 81, Action: 0, Reward: 0.9554262172710255, State: [-0.04457378  0.          0.          0.          0.4373856 ]
2024-11-25 22:50:55,124 - Step: 82, Action: 0, Reward: 0.9554262172710255, State: [-0.04457378  0.          0.          0.          0.64223644]
2024-11-25 22:50:55,125 - Step: 83, Action: 0, Reward: 0.9554262172710255, State: [-0.04457378  0.          0.          0.          0.26370085]
2024-11-25 22:50:55,125 - Step: 84, Action: 0, Reward: 0.9554262172710255, State: [-0.04457378  0.          0.          0.          0.82025257]
2024-11-25 22:50:55,126 - Step: 85, Action: 0, Reward: 0.9554262172710255, State: [-0.04457378  0.          0.          0.          0.46718948]
2024-11-25 22:50:55,126 - Step: 86, Action: 0, Reward: 0.9554262172710255, State: [-0.04457378  0.          0.          0.          0.77235601]
2024-11-25 22:50:55,127 - Step: 87, Action: 0, Reward: 0.9554262172710255, State: [-0.04457378  0.          0.          0.          0.9510759 ]
2024-11-25 22:50:55,127 - Step: 88, Action: 0, Reward: 0.9554262172710255, State: [-0.04457378  0.          0.          0.          0.82185322]
2024-11-25 22:50:55,128 - Step: 89, Action: 0, Reward: 0.9554262172710255, State: [-0.04457378  0.          0.          0.          0.74662998]
2024-11-25 22:50:55,128 - Step: 90, Action: 0, Reward: 0.9554262172710255, State: [-0.04457378  0.          0.          0.          0.66557547]
2024-11-25 22:50:55,128 - Step: 91, Action: 0, Reward: 0.9554262172710255, State: [-0.04457378  0.          0.          0.          0.32426768]
2024-11-25 22:50:55,129 - Step: 92, Action: 0, Reward: 0.9554262172710255, State: [-0.04457378  0.          0.          0.          0.28309696]
2024-11-25 22:50:55,129 - Step: 93, Action: 0, Reward: 0.9554262172710255, State: [-0.04457378  0.          0.          0.          0.64590627]
2024-11-25 22:50:55,130 - Step: 94, Action: 0, Reward: 0.9554262172710255, State: [-0.04457378  0.          0.          0.          0.23956677]
2024-11-25 22:50:55,130 - Step: 95, Action: 0, Reward: 0.9554262172710255, State: [-0.04457378  0.          0.          0.          0.53635068]
2024-11-25 22:50:55,131 - Step: 96, Action: 0, Reward: 0.9554262172710255, State: [-0.04457378  0.          0.          0.          0.74980684]
2024-11-25 22:50:55,131 - Step: 97, Action: 0, Reward: 0.9554262172710255, State: [-0.04457378  0.          0.          0.          0.74873585]
2024-11-25 22:50:55,132 - Step: 98, Action: 0, Reward: 0.9554262172710255, State: [-0.04457378  0.          0.          0.          0.74040522]
2024-11-25 22:50:55,132 - Step: 99, Action: 0, Reward: 0.9554262172710255, State: [-0.04457378  0.          0.          0.          0.40090511]
2024-11-25 22:50:55,132 - Prueba del entorno finalizada.
